<?xml version="1.0" encoding="UTF-8"?>
<testng-results ignored="0" total="2" passed="2" failed="0" skipped="0">
  <reporter-output>
  </reporter-output>
  <suite started-at="2023-02-04T10:06:23 IST" name="Default suite" finished-at="2023-02-04T10:06:42 IST" duration-ms="18506">
    <groups>
    </groups>
    <test started-at="2023-02-04T10:06:23 IST" name="Default test" finished-at="2023-02-04T10:06:42 IST" duration-ms="18506">
      <class name="com.simplilearn.AppiumDemo.SwipeDemo">
        <test-method is-config="true" signature="setup()[pri:0, instance:com.simplilearn.AppiumDemo.SwipeDemo@53ce1329]" started-at="2023-02-04T10:06:23 IST" name="setup" finished-at="2023-02-04T10:06:29 IST" duration-ms="5880" status="PASS">
          <reporter-output>
          </reporter-output>
        </test-method> <!-- setup -->
        <test-method signature="ZoomOut()[pri:0, instance:com.simplilearn.AppiumDemo.SwipeDemo@53ce1329]" started-at="2023-02-04T10:06:29 IST" name="ZoomOut" finished-at="2023-02-04T10:06:39 IST" duration-ms="9242" status="PASS">
          <reporter-output>
          </reporter-output>
        </test-method> <!-- ZoomOut -->
        <test-method signature="swipeLeftToRight()[pri:0, instance:com.simplilearn.AppiumDemo.SwipeDemo@53ce1329]" started-at="2023-02-04T10:06:39 IST" name="swipeLeftToRight" finished-at="2023-02-04T10:06:42 IST" duration-ms="3340" status="PASS">
          <reporter-output>
          </reporter-output>
        </test-method> <!-- swipeLeftToRight -->
      </class> <!-- com.simplilearn.AppiumDemo.SwipeDemo -->
    </test> <!-- Default test -->
  </suite> <!-- Default suite -->
</testng-results>
